<?xml version="1.0" encoding="UTF-8"?>
<!-- Generated by org.testng.reporters.JUnitXMLReporter -->
<testsuite ignored="0" hostname="Bala" failures="1" tests="1" name="Login Test2" time="6.515" errors="0" timestamp="2023-02-21T11:12:29 EST">
  <testcase classname="com.netbanktest.testcases.TC1_Loginpage_Test" name="loginTest" time="2.894">
    <failure type="java.lang.AssertionError" message="expected [true] but found [false]">
      <![CDATA[java.lang.AssertionError: expected [true] but found [false]
at com.netbanktest.testcases.TC1_Loginpage_Test.loginTest(TC1_Loginpage_Test.java:33)
at java.base/java.util.ArrayList.forEach(ArrayList.java:1511)
... Removed 29 stack frames]]>
    </failure>
  </testcase> <!-- loginTest -->
</testsuite> <!-- Login Test2 -->
